<?xml version="1.0" encoding="UTF-8"?>
<!-- Generated by org.testng.reporters.JUnitReportReporter -->
<testsuite hostname="ShruthiDixit" failures="0" tests="1" name="testCases.TC003_LoginDDT" time="0.000" errors="0" timestamp="2024-09-28T11:52:17 CDT" skipped="1">
  <testcase classname="testCases.TC003_LoginDDT" name="Verify_loginDDT" time="0.000">
    <skipped/>
  </testcase> <!-- Verify_loginDDT -->
  <system-out/>
</testsuite> <!-- testCases.TC003_LoginDDT -->
