<?xml version="1.0" encoding="UTF-8"?>
<!-- Generated by org.testng.reporters.JUnitReportReporter -->
<testsuite hostname="ShruthiDixit" failures="0" tests="1" name="testCases.TC001_AccountRegistrationTest" time="7.937" errors="0" timestamp="2024-09-30T15:07:48 CDT" skipped="0">
  <testcase classname="testCases.TC001_AccountRegistrationTest" name="verify_account_Registration" time="7.937"/>
  <system-out/>
</testsuite> <!-- testCases.TC001_AccountRegistrationTest -->
