<?xml version="1.0" encoding="UTF-8"?>
<!-- Generated by org.testng.reporters.JUnitReportReporter -->
<testsuite hostname="ShruthiDixit" failures="0" tests="1" name="testCases.TC002_LoginTest" time="2.156" errors="0" timestamp="2024-09-30T15:07:48 CDT" skipped="0">
  <testcase classname="testCases.TC002_LoginTest" name="Verify_login" time="2.156"/>
  <system-out/>
</testsuite> <!-- testCases.TC002_LoginTest -->
